CMakeFiles/sub.dir/src/Subandpub.cpp.o: In function `main':
/home/name-not-found/Dokumente/Bachelorarbeit/Modelcar-111/catkin_ws_user/src/test_pgk/src/Subandpub.cpp:27: undefined reference to `ros::init(int&, char**, std::__cxx11::basic_string<char, std::char_traits<char>, std::allocator<char> > const&, unsigned int)'
/home/name-not-found/Dokumente/Bachelorarbeit/Modelcar-111/catkin_ws_user/src/test_pgk/src/Subandpub.cpp:28: undefined reference to `ros::NodeHandle::NodeHandle(std::__cxx11::basic_string<char, std::char_traits<char>, std::allocator<char> > const&, std::map<std::__cxx11::basic_string<char, std::char_traits<char>, std::allocator<char> >, std::__cxx11::basic_string<char, std::char_traits<char>, std::allocator<char> >, std::less<std::__cxx11::basic_string<char, std::char_traits<char>, std::allocator<char> > >, std::allocator<std::pair<std::__cxx11::basic_string<char, std::char_traits<char>, std::allocator<char> > const, std::__cxx11::basic_string<char, std::char_traits<char>, std::allocator<char> > > > > const&)'
/home/name-not-found/Dokumente/Bachelorarbeit/Modelcar-111/catkin_ws_user/src/test_pgk/src/Subandpub.cpp:30: undefined reference to `ros::Subscriber::~Subscriber()'
/home/name-not-found/Dokumente/Bachelorarbeit/Modelcar-111/catkin_ws_user/src/test_pgk/src/Subandpub.cpp:28: undefined reference to `ros::NodeHandle::~NodeHandle()'
/home/name-not-found/Dokumente/Bachelorarbeit/Modelcar-111/catkin_ws_user/src/test_pgk/src/Subandpub.cpp:27: undefined reference to `ros::NodeHandle::~NodeHandle()'
/home/name-not-found/Dokumente/Bachelorarbeit/Modelcar-111/catkin_ws_user/src/test_pgk/src/Subandpub.cpp:27: undefined reference to `ros::NodeHandle::~NodeHandle()'
/home/name-not-found/Dokumente/Bachelorarbeit/Modelcar-111/catkin_ws_user/src/test_pgk/src/Subandpub.cpp:27: undefined reference to `ros::Subscriber::~Subscriber()'
/home/name-not-found/Dokumente/Bachelorarbeit/Modelcar-111/catkin_ws_user/src/test_pgk/src/Subandpub.cpp:27: undefined reference to `ros::Subscriber::~Subscriber()'
/home/name-not-found/Dokumente/Bachelorarbeit/Modelcar-111/catkin_ws_user/src/test_pgk/src/Subandpub.cpp:28: undefined reference to `ros::NodeHandle::~NodeHandle()'
CMakeFiles/sub.dir/src/Subandpub.cpp.o: In function `ros::Subscriber ros::NodeHandle::subscribe<nav_msgs::Odometry_<std::allocator<void> > >(std::__cxx11::basic_string<char, std::char_traits<char>, std::allocator<char> > const&, unsigned int, void (*)(boost::shared_ptr<nav_msgs::Odometry_<std::allocator<void> > const> const&), ros::TransportHints const&)':
/opt/ros/kinetic/include/ros/node_handle.h:709: undefined reference to `ros::NodeHandle::subscribe(ros::SubscribeOptions&)'
CMakeFiles/sub.dir/src/Subandpub.cpp.o: In function `ros::SubscriptionCallbackHelperT<boost::shared_ptr<nav_msgs::Odometry_<std::allocator<void> > const> const&, void>::deserialize(ros::SubscriptionCallbackHelperDeserializeParams const&)':
/opt/ros/kinetic/include/ros/subscription_callback_helper.h:126: undefined reference to `ros::console::g_initialized'
/opt/ros/kinetic/include/ros/subscription_callback_helper.h:126: undefined reference to `ros::console::initialize()'
/opt/ros/kinetic/include/ros/subscription_callback_helper.h:126: undefined reference to `ros::console::initializeLogLocation(ros::console::LogLocation*, std::__cxx11::basic_string<char, std::char_traits<char>, std::allocator<char> > const&, ros::console::levels::Level)'
/opt/ros/kinetic/include/ros/subscription_callback_helper.h:126: undefined reference to `ros::console::setLogLocationLevel(ros::console::LogLocation*, ros::console::levels::Level)'
/opt/ros/kinetic/include/ros/subscription_callback_helper.h:126: undefined reference to `ros::console::checkLogLocationEnabled(ros::console::LogLocation*)'
/opt/ros/kinetic/include/ros/subscription_callback_helper.h:126: undefined reference to `ros::console::print(ros::console::FilterBase*, void*, ros::console::levels::Level, char const*, int, char const*, char const*, ...)'
collect2: error: ld returned 1 exit status
make[2]: *** [/home/name-not-found/Dokumente/Bachelorarbeit/Modelcar-111/catkin_ws_user/devel/.private/test_pgk/lib/test_pgk/sub] Error 1
make[1]: *** [CMakeFiles/sub.dir/all] Error 2
make: *** [all] Error 2
