[35m[1mScanning dependencies of target sub[0m
[ 50%] [32mBuilding CXX object CMakeFiles/sub.dir/src/Subandpub.cpp.o[0m
[01m[K/home/name-not-found/Dokumente/Bachelorarbeit/Modelcar-111/catkin_ws_user/src/test_pgk/src/Subandpub.cpp:[m[K In function â€˜[01m[Kint main(int, char**)[m[Kâ€™:
[01m[K/home/name-not-found/Dokumente/Bachelorarbeit/Modelcar-111/catkin_ws_user/src/test_pgk/src/Subandpub.cpp:46:8:[m[K [01;31m[Kerror: [m[Kâ€˜[01m[Keuler[m[Kâ€™ does not name a type
   auto euler = q.toRotationMatrix().eulerAngles(0,1,2);
[01;32m[K        ^[m[K
[01m[K/home/name-not-found/Dokumente/Bachelorarbeit/Modelcar-111/catkin_ws_user/src/test_pgk/src/Subandpub.cpp:47:10:[m[K [01;31m[Kerror: [m[Kâ€˜[01m[Keuler[m[Kâ€™ was not declared in this scope
   ori[0]=euler[2][0];
[01;32m[K          ^[m[K
CMakeFiles/sub.dir/build.make:62: recipe for target 'CMakeFiles/sub.dir/src/Subandpub.cpp.o' failed
make[2]: *** [CMakeFiles/sub.dir/src/Subandpub.cpp.o] Error 1
CMakeFiles/Makefile2:67: recipe for target 'CMakeFiles/sub.dir/all' failed
make[1]: *** [CMakeFiles/sub.dir/all] Error 2
Makefile:138: recipe for target 'all' failed
make: *** [all] Error 2
