In file included from [01m[K/opt/ros/kinetic/include/ros/ros.h:40:0[m[K,
                 from [01m[K/home/name-not-found/Dokumente/Bachelorarbeit/Modelcar-111/catkin_ws_user/src/test_pgk/src/Subandpub.cpp:9[m[K:
[01m[K/home/name-not-found/Dokumente/Bachelorarbeit/Modelcar-111/catkin_ws_user/src/test_pgk/src/Subandpub.cpp:[m[K In function â€˜[01m[Kvoid callback(const ConstPtr&)[m[Kâ€™:
[01m[K/opt/ros/kinetic/include/ros/console.h:346:176:[m[K [01;35m[Kwarning: [m[Kformat â€˜[01m[K%s[m[Kâ€™ expects argument of type â€˜[01m[Kchar*[m[Kâ€™, but argument 8 has type â€˜[01m[Kconst ConstPtr* {aka const boost::shared_ptr<const nav_msgs::Odometry_<std::allocator<void> > >*}[m[Kâ€™ [-Wformat=]
     ::ros::console::print(filter, __rosconsole_define_location__loc.logger_, __rosconsole_define_location__loc.level_, __FILE__, __LINE__, __ROSCONSOLE_FUNCTION__, __VA_ARGS__)
[01;32m[K                                                                                                                                                                                ^[m[K
[01m[K/opt/ros/kinetic/include/ros/console.h:349:5:[m[K [01;36m[Knote: [m[Kin expansion of macro â€˜[01m[KROSCONSOLE_PRINT_AT_LOCATION_WITH_FILTER[m[Kâ€™
     ROSCONSOLE_PRINT_AT_LOCATION_WITH_FILTER(0, __VA_ARGS__)
[01;32m[K     ^[m[K
[01m[K/opt/ros/kinetic/include/ros/console.h:379:7:[m[K [01;36m[Knote: [m[Kin expansion of macro â€˜[01m[KROSCONSOLE_PRINT_AT_LOCATION[m[Kâ€™
       ROSCONSOLE_PRINT_AT_LOCATION(__VA_ARGS__); \
[01;32m[K       ^[m[K
[01m[K/opt/ros/kinetic/include/ros/console.h:561:35:[m[K [01;36m[Knote: [m[Kin expansion of macro â€˜[01m[KROS_LOG_COND[m[Kâ€™
 #define ROS_LOG(level, name, ...) ROS_LOG_COND(true, level, name, __VA_ARGS__)
[01;32m[K                                   ^[m[K
[01m[K/opt/ros/kinetic/include/rosconsole/macros_generated.h:110:23:[m[K [01;36m[Knote: [m[Kin expansion of macro â€˜[01m[KROS_LOG[m[Kâ€™
 #define ROS_INFO(...) ROS_LOG(::ros::console::levels::Info, ROSCONSOLE_DEFAULT_NAME, __VA_ARGS__)
[01;32m[K                       ^[m[K
[01m[K/home/name-not-found/Dokumente/Bachelorarbeit/Modelcar-111/catkin_ws_user/src/test_pgk/src/Subandpub.cpp:20:3:[m[K [01;36m[Knote: [m[Kin expansion of macro â€˜[01m[KROS_INFO[m[Kâ€™
   ROS_INFO("I heard: [%s]", msg);
[01;32m[K   ^[m[K
[01m[K/home/name-not-found/Dokumente/Bachelorarbeit/Modelcar-111/catkin_ws_user/src/test_pgk/src/Subandpub.cpp:[m[K In function â€˜[01m[Kint main(int, char**)[m[Kâ€™:
[01m[K/home/name-not-found/Dokumente/Bachelorarbeit/Modelcar-111/catkin_ws_user/src/test_pgk/src/Subandpub.cpp:27:35:[m[K [01;35m[Kwarning: [m[Kunknown escape sequence: '\o'
  ros::Subscriber sub =n.subscribe("visual_gps\odom",100, callback);
[01;32m[K                                   ^[m[K
[01m[K/home/name-not-found/Dokumente/Bachelorarbeit/Modelcar-111/catkin_ws_user/src/test_pgk/src/Subandpub.cpp:29:10:[m[K [01;31m[Kerror: [m[Kâ€˜[01m[Kstart_position[m[Kâ€™ was not declared in this scope
   pos[0]=start_position.pose.pose.position.x;
[01;32m[K          ^[m[K
[01m[K/home/name-not-found/Dokumente/Bachelorarbeit/Modelcar-111/catkin_ws_user/src/test_pgk/src/Subandpub.cpp:33:4:[m[K [01;31m[Kerror: [m[Kno match for â€˜[01m[Koperator[][m[Kâ€™ (operand types are â€˜[01m[KEigen::Quaternionf {aka Eigen::Quaternion<float>}[m[Kâ€™ and â€˜[01m[Kint[m[Kâ€™)
   q[0]=start_position.pose.pose.orientation.x;
[01;32m[K    ^[m[K
[01m[K/home/name-not-found/Dokumente/Bachelorarbeit/Modelcar-111/catkin_ws_user/src/test_pgk/src/Subandpub.cpp:34:4:[m[K [01;31m[Kerror: [m[Kno match for â€˜[01m[Koperator[][m[Kâ€™ (operand types are â€˜[01m[KEigen::Quaternionf {aka Eigen::Quaternion<float>}[m[Kâ€™ and â€˜[01m[Kint[m[Kâ€™)
   q[1]=start_position.pose.pose.orientation.y;
[01;32m[K    ^[m[K
[01m[K/home/name-not-found/Dokumente/Bachelorarbeit/Modelcar-111/catkin_ws_user/src/test_pgk/src/Subandpub.cpp:35:4:[m[K [01;31m[Kerror: [m[Kno match for â€˜[01m[Koperator[][m[Kâ€™ (operand types are â€˜[01m[KEigen::Quaternionf {aka Eigen::Quaternion<float>}[m[Kâ€™ and â€˜[01m[Kint[m[Kâ€™)
   q[2]=start_position.pose.pose.orientation.z;
[01;32m[K    ^[m[K
[01m[K/home/name-not-found/Dokumente/Bachelorarbeit/Modelcar-111/catkin_ws_user/src/test_pgk/src/Subandpub.cpp:36:4:[m[K [01;31m[Kerror: [m[Kno match for â€˜[01m[Koperator[][m[Kâ€™ (operand types are â€˜[01m[KEigen::Quaternionf {aka Eigen::Quaternion<float>}[m[Kâ€™ and â€˜[01m[Kint[m[Kâ€™)
   q[3]=start_position.pose.pose.orientation.w;
[01;32m[K    ^[m[K
[01m[K/home/name-not-found/Dokumente/Bachelorarbeit/Modelcar-111/catkin_ws_user/src/test_pgk/src/Subandpub.cpp:38:8:[m[K [01;31m[Kerror: [m[Kâ€˜[01m[Keuler[m[Kâ€™ does not name a type
   auto euler = q.toRotationMatrix().eulerAngles(0,1,2);
[01;32m[K        ^[m[K
[01m[K/home/name-not-found/Dokumente/Bachelorarbeit/Modelcar-111/catkin_ws_user/src/test_pgk/src/Subandpub.cpp:39:10:[m[K [01;31m[Kerror: [m[Kâ€˜[01m[Keuler[m[Kâ€™ was not declared in this scope
   ori[0]=euler[2][0];
[01;32m[K          ^[m[K
make[2]: *** [CMakeFiles/sub.dir/src/Subandpub.cpp.o] Error 1
make[1]: *** [CMakeFiles/sub.dir/all] Error 2
make: *** [all] Error 2
