In file included from [01m[K/usr/include/eigen3/Eigen/Core:297:0[m[K,
                 from [01m[K/usr/include/eigen3/Eigen/Dense:1[m[K,
                 from [01m[K/home/name-not-found/Dokumente/Bachelorarbeit/Modelcar-111/catkin_ws_user/src/test_pgk/src/Subandpub.cpp:12[m[K:
/usr/include/eigen3/Eigen/src/Core/AssignEvaluator.h: In instantiation of â€˜[01m[Kvoid Eigen::internal::call_assignment_no_alias(Dst&, const Src&, const Func&) [with Dst = Eigen::Matrix<double, 3, 1>; Src = Eigen::Matrix<float, 3, 1>; Func = Eigen::internal::assign_op<double>][m[Kâ€™:
[01m[K/usr/include/eigen3/Eigen/src/Core/PlainObjectBase.h:700:41:[m[K   required from â€˜[01m[KDerived& Eigen::PlainObjectBase<Derived>::_set_noalias(const Eigen::DenseBase<OtherDerived>&) [with OtherDerived = Eigen::Matrix<float, 3, 1>; Derived = Eigen::Matrix<double, 3, 1>][m[Kâ€™
[01m[K/usr/include/eigen3/Eigen/src/Core/PlainObjectBase.h:510:19:[m[K   required from â€˜[01m[KEigen::PlainObjectBase<Derived>::PlainObjectBase(const Eigen::DenseBase<OtherDerived>&) [with OtherDerived = Eigen::Matrix<float, 3, 1>; Derived = Eigen::Matrix<double, 3, 1>][m[Kâ€™
[01m[K/usr/include/eigen3/Eigen/src/Core/Matrix.h:379:29:[m[K   required from â€˜[01m[KEigen::Matrix<_Scalar, _Rows, _Cols, _Options, _MaxRows, _MaxCols>::Matrix(const Eigen::EigenBase<OtherDerived>&) [with OtherDerived = Eigen::Matrix<float, 3, 1>; _Scalar = double; int _Rows = 3; int _Cols = 1; int _Options = 0; int _MaxRows = 3; int _MaxCols = 1][m[Kâ€™
[01m[K/home/name-not-found/Dokumente/Bachelorarbeit/Modelcar-111/catkin_ws_user/src/test_pgk/src/Subandpub.cpp:46:65:[m[K   required from here
[01m[K/usr/include/eigen3/Eigen/src/Core/AssignEvaluator.h:745:3:[m[K [01;31m[Kerror: [m[Kâ€˜[01m[KYOU_MIXED_DIFFERENT_NUMERIC_TYPES__YOU_NEED_TO_USE_THE_CAST_METHOD_OF_MATRIXBASE_TO_CAST_NUMERIC_TYPES_EXPLICITLY[m[Kâ€™ is not a member of â€˜[01m[KEigen::internal::static_assertion<false>[m[Kâ€™
   EIGEN_CHECK_BINARY_COMPATIBILIY(Func,typename ActualDstTypeCleaned::Scalar,typename Src::Scalar);
[01;32m[K   ^[m[K
make[2]: *** [CMakeFiles/sub.dir/src/Subandpub.cpp.o] Error 1
make[1]: *** [CMakeFiles/sub.dir/all] Error 2
make: *** [all] Error 2
