[01m[K/home/mi/besahre/Documents/Bachelorarbeit/Modelcar-111/catkin_ws_user/src/rrt_star/src/ListOfNodes.cpp:[m[K In member function â€˜[01m[Kbool ListOfNodes::find_nearest_neighbour(Node&)[m[Kâ€™:
[01m[K/home/mi/besahre/Documents/Bachelorarbeit/Modelcar-111/catkin_ws_user/src/rrt_star/src/ListOfNodes.cpp:89:13:[m[K [01;31m[Kerror: [m[Kâ€˜[01m[Kclass Node[m[Kâ€™ has no member named â€˜[01m[Kset_parent[m[Kâ€™
        node.set_parent(&iter);
[01;32m[K             ^[m[K
[01m[K/home/mi/besahre/Documents/Bachelorarbeit/Modelcar-111/catkin_ws_user/src/rrt_star/src/ListOfNodes.cpp:[m[K In member function â€˜[01m[Kvoid ListOfNodes::rewire(Node&)[m[Kâ€™:
[01m[K/home/mi/besahre/Documents/Bachelorarbeit/Modelcar-111/catkin_ws_user/src/rrt_star/src/ListOfNodes.cpp:172:12:[m[K [01;31m[Kerror: [m[Kâ€˜[01m[Kclass Node[m[Kâ€™ has no member named â€˜[01m[Kset_parent[m[Kâ€™
   new_node.set_parent(&iter);
[01;32m[K            ^[m[K
make[2]: *** [CMakeFiles/rrt_star_node.dir/src/ListOfNodes.cpp.o] Error 1
make[2]: *** Waiting for unfinished jobs....
make[1]: *** [CMakeFiles/rrt_star_node.dir/all] Error 2
make: *** [all] Error 2
