[35m[1mScanning dependencies of target rrt_star_node[0m
[ 20%] [32mBuilding CXX object CMakeFiles/rrt_star_node.dir/src/Node.cpp.o[0m
[01m[K/home/mi/besahre/Documents/Bachelorarbeit/Modelcar-111/catkin_ws_user/src/rrt_star/src/Node.cpp:[m[K In member function â€˜[01m[Kbool Node::not_to_near(Node&)[m[Kâ€™:
[01m[K/home/mi/besahre/Documents/Bachelorarbeit/Modelcar-111/catkin_ws_user/src/rrt_star/src/Node.cpp:126:39:[m[K [01;31m[Kerror: [m[Kinvalid use of non-static member function
    << (left_circle_center - par_coor).norm << std::endl;
[01;32m[K                                       ^[m[K
CMakeFiles/rrt_star_node.dir/build.make:86: recipe for target 'CMakeFiles/rrt_star_node.dir/src/Node.cpp.o' failed
make[2]: *** [CMakeFiles/rrt_star_node.dir/src/Node.cpp.o] Error 1
CMakeFiles/Makefile2:1955: recipe for target 'CMakeFiles/rrt_star_node.dir/all' failed
make[1]: *** [CMakeFiles/rrt_star_node.dir/all] Error 2
Makefile:138: recipe for target 'all' failed
make: *** [all] Error 2
